Base path: C:/Program Files (x86)/Unity/Editor/Data
Pipe name: \\.\pipe\UnityShaderCompiler-1-5428
Cmd: getPlatforms
Cmd: compileSnippet
  api=0 type=0 insize=2033 outsize=425 kw= ok=1
Cmd: compileSnippet
  api=0 type=1 insize=2033 outsize=4830 kw= ok=1
Cmd: compileSnippet
  api=0 type=0 insize=2298 outsize=425 kw= ok=1
Cmd: compileSnippet
  api=0 type=1 insize=2298 outsize=7921 kw= ok=1
Cmd: compileSnippet
  api=0 type=0 insize=2803 outsize=425 kw= ok=1
Cmd: compileSnippet
  api=0 type=1 insize=2803 outsize=14055 kw= ok=1
Cmd: compileSnippet
  api=0 type=0 insize=3079 outsize=369 kw= ok=1
Cmd: compileSnippet
  api=0 type=1 insize=3079 outsize=3794 kw= ok=1
Cmd: compileSnippet
  api=0 type=1 insize=2019 outsize=304 kw= ok=1
